<?xml version="1.0" encoding="utf-8"?><testsuites name="pytest tests"><testsuite name="pytest" errors="0" failures="0" skipped="0" tests="12" time="0.930" timestamp="2026-06-16T05:38:26.118229+00:00" hostname="agent-env-bd517978-5547-4095-a8af-a5673b9f4808"><testcase classname="backend.tests.backend_test" name="test_root_status" time="0.110" /><testcase classname="backend.tests.backend_test" name="test_categories_list" time="0.038" /><testcase classname="backend.tests.backend_test" name="test_products_list_all" time="0.039" /><testcase classname="backend.tests.backend_test" name="test_products_filter_wedding" time="0.038" /><testcase classname="backend.tests.backend_test" name="test_products_filter_all_returns_full" time="0.072" /><testcase classname="backend.tests.backend_test" name="test_product_detail_known" time="0.038" /><testcase classname="backend.tests.backend_test" name="test_product_detail_unknown_404" time="0.040" /><testcase classname="backend.tests.backend_test" name="test_quote_request_create_and_list" time="0.091" /><testcase classname="backend.tests.backend_test" name="test_quote_request_invalid_email" time="0.038" /><testcase classname="backend.tests.backend_test" name="test_contact_create" time="0.087" /><testcase classname="backend.tests.backend_test" name="test_newsletter_upsert" time="0.127" /><testcase classname="backend.tests.backend_test" name="test_newsletter_invalid_email" time="0.075" /></testsuite></testsuites>